# JRE version: OpenJDK Runtime Environment (11.0.12+7) (build 11.0.12+7-b1504.28-7817840)
# Java VM: OpenJDK 64-Bit Server VM (11.0.12+7-b1504.28-7817840, mixed mode, tiered, compressed oops, g1 gc, windows-amd64)
Heap:
 garbage-first heap   total 273408K, used 90105K [0x0000000080000000, 0x0000000100000000)
  region size 1024K, 11 young (11264K), 11 survivors (11264K)
 Metaspace       used 92405K, capacity 94536K, committed 94808K, reserved 1130496K
  class space    used 12006K, capacity 12819K, committed 12888K, reserved 1048576K
GC Heap History (20 events):
Event: 3.367 GC heap after
{Heap after GC invocations=10 (full 0):
 garbage-first heap   total 157696K, used 27892K [0x0000000080000000, 0x0000000100000000)
  region size 1024K, 9 young (9216K), 9 survivors (9216K)
 Metaspace       used 40271K, capacity 41260K, committed 41472K, reserved 1085440K
  class space    used 5155K, capacity 5508K, committed 5632K, reserved 1048576K
}
Event: 3.924 GC heap before
{Heap before GC invocations=10 (full 0):
 garbage-first heap   total 157696K, used 98548K [0x0000000080000000, 0x0000000100000000)
  region size 1024K, 78 young (79872K), 9 survivors (9216K)
 Metaspace       used 46334K, capacity 47521K, committed 47616K, reserved 1091584K
  class space    used 5967K, capacity 6392K, committed 6400K, reserved 1048576K
}
Event: 3.933 GC heap after
{Heap after GC invocations=11 (full 0):
 garbage-first heap   total 189440K, used 30469K [0x0000000080000000, 0x0000000100000000)
  region size 1024K, 3 young (3072K), 3 survivors (3072K)
 Metaspace       used 46334K, capacity 47521K, committed 47616K, reserved 1091584K
  class space    used 5967K, capacity 6392K, committed 6400K, reserved 1048576K
}
Event: 5.066 GC heap before
{Heap before GC invocations=11 (full 0):
 garbage-first heap   total 189440K, used 148229K [0x0000000080000000, 0x0000000100000000)
  region size 1024K, 111 young (113664K), 3 survivors (3072K)
 Metaspace       used 54243K, capacity 55584K, committed 55808K, reserved 1097728K
  class space    used 6941K, capacity 7419K, committed 7424K, reserved 1048576K
}
Event: 5.077 GC heap after
{Heap after GC invocations=12 (full 0):
 garbage-first heap   total 189440K, used 51127K [0x0000000080000000, 0x0000000100000000)
  region size 1024K, 14 young (14336K), 14 survivors (14336K)
 Metaspace       used 54243K, capacity 55584K, committed 55808K, reserved 1097728K
  class space    used 6941K, capacity 7419K, committed 7424K, reserved 1048576K
}
Event: 5.436 GC heap before
{Heap before GC invocations=12 (full 0):
 garbage-first heap   total 189440K, used 79799K [0x0000000080000000, 0x0000000100000000)
  region size 1024K, 43 young (44032K), 14 survivors (14336K)
 Metaspace       used 58757K, capacity 60229K, committed 60376K, reserved 1101824K
  class space    used 7484K, capacity 8067K, committed 8152K, reserved 1048576K
}
Event: 5.449 GC heap after
{Heap after GC invocations=13 (full 0):
 garbage-first heap   total 189440K, used 52662K [0x0000000080000000, 0x0000000100000000)
  region size 1024K, 2 young (2048K), 2 survivors (2048K)
 Metaspace       used 58757K, capacity 60229K, committed 60376K, reserved 1101824K
  class space    used 7484K, capacity 8067K, committed 8152K, reserved 1048576K
}
Event: 6.103 GC heap before
{Heap before GC invocations=14 (full 0):
 garbage-first heap   total 189440K, used 117174K [0x0000000080000000, 0x0000000100000000)
  region size 1024K, 65 young (66560K), 2 survivors (2048K)
 Metaspace       used 64732K, capacity 66268K, committed 66392K, reserved 1107968K
  class space    used 8230K, capacity 8768K, committed 8792K, reserved 1048576K
}
Event: 6.111 GC heap after
{Heap after GC invocations=15 (full 0):
 garbage-first heap   total 189440K, used 57783K [0x0000000080000000, 0x0000000100000000)
  region size 1024K, 7 young (7168K), 7 survivors (7168K)
 Metaspace       used 64732K, capacity 66268K, committed 66392K, reserved 1107968K
  class space    used 8230K, capacity 8768K, committed 8792K, reserved 1048576K
}
Event: 6.592 GC heap before
{Heap before GC invocations=15 (full 0):
 garbage-first heap   total 189440K, used 123319K [0x0000000080000000, 0x0000000100000000)
  region size 1024K, 71 young (72704K), 7 survivors (7168K)
 Metaspace       used 67854K, capacity 69437K, committed 69720K, reserved 1110016K
  class space    used 8637K, capacity 9222K, committed 9304K, reserved 1048576K
}
Event: 6.601 GC heap after
{Heap after GC invocations=16 (full 0):
 garbage-first heap   total 227328K, used 61862K [0x0000000080000000, 0x0000000100000000)
  region size 1024K, 5 young (5120K), 5 survivors (5120K)
 Metaspace       used 67854K, capacity 69437K, committed 69720K, reserved 1110016K
  class space    used 8637K, capacity 9222K, committed 9304K, reserved 1048576K
}
Event: 7.621 GC heap before
{Heap before GC invocations=16 (full 0):
 garbage-first heap   total 227328K, used 144806K [0x0000000080000000, 0x0000000100000000)
  region size 1024K, 86 young (88064K), 5 survivors (5120K)
 Metaspace       used 75791K, capacity 77445K, committed 77656K, reserved 1116160K
  class space    used 9857K, capacity 10486K, committed 10584K, reserved 1048576K
}
Event: 7.636 GC heap after
{Heap after GC invocations=17 (full 0):
 garbage-first heap   total 227328K, used 67073K [0x0000000080000000, 0x0000000100000000)
  region size 1024K, 10 young (10240K), 10 survivors (10240K)
 Metaspace       used 75791K, capacity 77445K, committed 77656K, reserved 1116160K
  class space    used 9857K, capacity 10486K, committed 10584K, reserved 1048576K
}
Event: 8.793 GC heap before
{Heap before GC invocations=17 (full 0):
 garbage-first heap   total 227328K, used 153089K [0x0000000080000000, 0x0000000100000000)
  region size 1024K, 94 young (96256K), 10 survivors (10240K)
 Metaspace       used 83981K, capacity 85929K, committed 86104K, reserved 1124352K
  class space    used 11018K, capacity 11756K, committed 11864K, reserved 1048576K
}
Event: 8.807 GC heap after
{Heap after GC invocations=18 (full 0):
 garbage-first heap   total 227328K, used 72996K [0x0000000080000000, 0x0000000100000000)
  region size 1024K, 12 young (12288K), 12 survivors (12288K)
 Metaspace       used 83981K, capacity 85929K, committed 86104K, reserved 1124352K
  class space    used 11018K, capacity 11756K, committed 11864K, reserved 1048576K
}
Event: 9.819 GC heap before
{Heap before GC invocations=18 (full 0):
 garbage-first heap   total 227328K, used 157988K [0x0000000080000000, 0x0000000100000000)
  region size 1024K, 96 young (98304K), 12 survivors (12288K)
 Metaspace       used 85838K, capacity 87991K, committed 88152K, reserved 1126400K
  class space    used 11211K, capacity 12011K, committed 12120K, reserved 1048576K
}
Event: 9.835 GC heap after
{Heap after GC invocations=19 (full 0):
 garbage-first heap   total 227328K, used 79023K [0x0000000080000000, 0x0000000100000000)
  region size 1024K, 12 young (12288K), 12 survivors (12288K)
 Metaspace       used 85838K, capacity 87991K, committed 88152K, reserved 1126400K
  class space    used 11211K, capacity 12011K, committed 12120K, reserved 1048576K
}
Event: 10.439 GC heap before
{Heap before GC invocations=19 (full 0):
 garbage-first heap   total 227328K, used 164015K [0x0000000080000000, 0x0000000100000000)
  region size 1024K, 96 young (98304K), 12 survivors (12288K)
 Metaspace       used 88784K, capacity 90996K, committed 91096K, reserved 1128448K
  class space    used 11590K, capacity 12412K, committed 12504K, reserved 1048576K
}
Event: 10.453 GC heap after
{Heap after GC invocations=20 (full 0):
 garbage-first heap   total 227328K, used 83373K [0x0000000080000000, 0x0000000100000000)
  region size 1024K, 11 young (11264K), 11 survivors (11264K)
 Metaspace       used 88784K, capacity 90996K, committed 91096K, reserved 1128448K
  class space    used 11590K, capacity 12412K, committed 12504K, reserved 1048576K
}
Event: 11.218 GC heap before
{Heap before GC invocations=20 (full 0):
 garbage-first heap   total 227328K, used 169389K [0x0000000080000000, 0x0000000100000000)
  region size 1024K, 96 young (98304K), 11 survivors (11264K)
 Metaspace       used 92405K, capacity 94536K, committed 94808K, reserved 1130496K
  class space    used 12006K, capacity 12819K, committed 12888K, reserved 1048576K
}

