# JRE version: OpenJDK Runtime Environment (11.0.12+7) (build 11.0.12+7-b1504.28-7817840)
# Java VM: OpenJDK 64-Bit Server VM (11.0.12+7-b1504.28-7817840, mixed mode, tiered, compressed oops, g1 gc, windows-amd64)
Heap:
 garbage-first heap   total 227328K, used 94929K [0x0000000080000000, 0x0000000100000000)
  region size 1024K, 9 young (9216K), 9 survivors (9216K)
 Metaspace       used 108132K, capacity 111071K, committed 111148K, reserved 1153024K
  class space    used 14333K, capacity 15450K, committed 15488K, reserved 1048576K
GC Heap History (20 events):
Event: 5.556 GC heap before
{Heap before GC invocations=10 (full 0):
 garbage-first heap   total 157696K, used 124183K [0x0000000080000000, 0x0000000100000000)
  region size 1024K, 91 young (93184K), 10 survivors (10240K)
 Metaspace       used 54019K, capacity 55362K, committed 55552K, reserved 1097728K
  class space    used 6898K, capacity 7387K, committed 7424K, reserved 1048576K
}
Event: 5.569 GC heap after
{Heap after GC invocations=11 (full 0):
 garbage-first heap   total 189440K, used 50176K [0x0000000080000000, 0x0000000100000000)
  region size 1024K, 12 young (12288K), 12 survivors (12288K)
 Metaspace       used 54019K, capacity 55362K, committed 55552K, reserved 1097728K
  class space    used 6898K, capacity 7387K, committed 7424K, reserved 1048576K
}
Event: 6.042 GC heap before
{Heap before GC invocations=11 (full 0):
 garbage-first heap   total 189440K, used 79872K [0x0000000080000000, 0x0000000100000000)
  region size 1024K, 42 young (43008K), 12 survivors (12288K)
 Metaspace       used 58405K, capacity 59813K, committed 59948K, reserved 1101824K
  class space    used 7437K, capacity 7992K, committed 8064K, reserved 1048576K
}
Event: 6.061 GC heap after
{Heap after GC invocations=12 (full 0):
 garbage-first heap   total 189440K, used 52276K [0x0000000080000000, 0x0000000100000000)
  region size 1024K, 2 young (2048K), 2 survivors (2048K)
 Metaspace       used 58405K, capacity 59813K, committed 59948K, reserved 1101824K
  class space    used 7437K, capacity 7992K, committed 8064K, reserved 1048576K
}
Event: 6.833 GC heap before
{Heap before GC invocations=13 (full 0):
 garbage-first heap   total 189440K, used 118836K [0x0000000080000000, 0x0000000100000000)
  region size 1024K, 67 young (68608K), 2 survivors (2048K)
 Metaspace       used 64913K, capacity 66429K, committed 66604K, reserved 1107968K
  class space    used 8243K, capacity 8800K, committed 8832K, reserved 1048576K
}
Event: 6.841 GC heap after
{Heap after GC invocations=14 (full 0):
 garbage-first heap   total 189440K, used 58572K [0x0000000080000000, 0x0000000100000000)
  region size 1024K, 8 young (8192K), 8 survivors (8192K)
 Metaspace       used 64913K, capacity 66429K, committed 66604K, reserved 1107968K
  class space    used 8243K, capacity 8800K, committed 8832K, reserved 1048576K
}
Event: 7.433 GC heap before
{Heap before GC invocations=15 (full 0):
 garbage-first heap   total 189440K, used 126156K [0x0000000080000000, 0x0000000100000000)
  region size 1024K, 74 young (75776K), 8 survivors (8192K)
 Metaspace       used 68070K, capacity 69645K, committed 69932K, reserved 1110016K
  class space    used 8639K, capacity 9248K, committed 9344K, reserved 1048576K
}
Event: 7.443 GC heap after
{Heap after GC invocations=16 (full 0):
 garbage-first heap   total 189440K, used 62158K [0x0000000080000000, 0x0000000100000000)
  region size 1024K, 5 young (5120K), 5 survivors (5120K)
 Metaspace       used 68070K, capacity 69645K, committed 69932K, reserved 1110016K
  class space    used 8639K, capacity 9248K, committed 9344K, reserved 1048576K
}
Event: 8.204 GC heap before
{Heap before GC invocations=16 (full 0):
 garbage-first heap   total 189440K, used 131790K [0x0000000080000000, 0x0000000100000000)
  region size 1024K, 73 young (74752K), 5 survivors (5120K)
 Metaspace       used 75177K, capacity 76921K, committed 77228K, reserved 1116160K
  class space    used 9763K, capacity 10401K, committed 10496K, reserved 1048576K
}
Event: 8.214 GC heap after
{Heap after GC invocations=17 (full 0):
 garbage-first heap   total 189440K, used 66503K [0x0000000080000000, 0x0000000100000000)
  region size 1024K, 10 young (10240K), 10 survivors (10240K)
 Metaspace       used 75177K, capacity 76921K, committed 77228K, reserved 1116160K
  class space    used 9763K, capacity 10401K, committed 10496K, reserved 1048576K
}
Event: 8.967 GC heap before
{Heap before GC invocations=17 (full 0):
 garbage-first heap   total 189440K, used 136135K [0x0000000080000000, 0x0000000100000000)
  region size 1024K, 78 young (79872K), 10 survivors (10240K)
 Metaspace       used 81970K, capacity 83742K, committed 84012K, reserved 1122304K
  class space    used 10685K, capacity 11370K, committed 11392K, reserved 1048576K
}
Event: 8.977 GC heap after
{Heap after GC invocations=18 (full 0):
 garbage-first heap   total 189440K, used 70808K [0x0000000080000000, 0x0000000100000000)
  region size 1024K, 9 young (9216K), 9 survivors (9216K)
 Metaspace       used 81970K, capacity 83742K, committed 84012K, reserved 1122304K
  class space    used 10685K, capacity 11370K, committed 11392K, reserved 1048576K
}
Event: 9.943 GC heap before
{Heap before GC invocations=18 (full 0):
 garbage-first heap   total 189440K, used 139416K [0x0000000080000000, 0x0000000100000000)
  region size 1024K, 77 young (78848K), 9 survivors (9216K)
 Metaspace       used 85171K, capacity 87181K, committed 87340K, reserved 1124352K
  class space    used 11137K, capacity 11904K, committed 11904K, reserved 1048576K
}
Event: 9.960 GC heap after
{Heap after GC invocations=19 (full 0):
 garbage-first heap   total 227328K, used 75923K [0x0000000080000000, 0x0000000100000000)
  region size 1024K, 10 young (10240K), 10 survivors (10240K)
 Metaspace       used 85171K, capacity 87181K, committed 87340K, reserved 1124352K
  class space    used 11137K, capacity 11904K, committed 11904K, reserved 1048576K
}
Event: 10.825 GC heap before
{Heap before GC invocations=19 (full 0):
 garbage-first heap   total 227328K, used 162963K [0x0000000080000000, 0x0000000100000000)
  region size 1024K, 96 young (98304K), 10 survivors (10240K)
 Metaspace       used 86398K, capacity 88459K, committed 88620K, reserved 1126400K
  class space    used 11250K, capacity 12038K, committed 12160K, reserved 1048576K
}
Event: 10.839 GC heap after
{Heap after GC invocations=20 (full 0):
 garbage-first heap   total 227328K, used 82151K [0x0000000080000000, 0x0000000100000000)
  region size 1024K, 12 young (12288K), 12 survivors (12288K)
 Metaspace       used 86398K, capacity 88459K, committed 88620K, reserved 1126400K
  class space    used 11250K, capacity 12038K, committed 12160K, reserved 1048576K
}
Event: 11.532 GC heap before
{Heap before GC invocations=20 (full 0):
 garbage-first heap   total 227328K, used 169191K [0x0000000080000000, 0x0000000100000000)
  region size 1024K, 98 young (100352K), 12 survivors (12288K)
 Metaspace       used 91909K, capacity 93944K, committed 94124K, reserved 1130496K
  class space    used 11931K, capacity 12711K, committed 12800K, reserved 1048576K
}
Event: 11.546 GC heap after
{Heap after GC invocations=21 (full 0):
 garbage-first heap   total 227328K, used 86290K [0x0000000080000000, 0x0000000100000000)
  region size 1024K, 11 young (11264K), 11 survivors (11264K)
 Metaspace       used 91909K, capacity 93944K, committed 94124K, reserved 1130496K
  class space    used 11931K, capacity 12711K, committed 12800K, reserved 1048576K
}
Event: 13.376 GC heap before
{Heap before GC invocations=21 (full 0):
 garbage-first heap   total 227328K, used 174354K [0x0000000080000000, 0x0000000100000000)
  region size 1024K, 98 young (100352K), 11 survivors (11264K)
 Metaspace       used 95178K, capacity 97470K, committed 97708K, reserved 1134592K
  class space    used 12405K, capacity 13312K, committed 13312K, reserved 1048576K
}
Event: 13.390 GC heap after
{Heap after GC invocations=22 (full 0):
 garbage-first heap   total 227328K, used 91639K [0x0000000080000000, 0x0000000100000000)
  region size 1024K, 10 young (10240K), 10 survivors (10240K)
 Metaspace       used 95178K, capacity 97470K, committed 97708K, reserved 1134592K
  class space    used 12405K, capacity 13312K, committed 13312K, reserved 1048576K
}

