# JRE version: OpenJDK Runtime Environment (11.0.12+7) (build 11.0.12+7-b1504.28-7817840)
# Java VM: OpenJDK 64-Bit Server VM (11.0.12+7-b1504.28-7817840, mixed mode, tiered, compressed oops, g1 gc, windows-amd64)
Heap:
 garbage-first heap   total 227328K, used 171633K [0x0000000080000000, 0x0000000100000000)
  region size 1024K, 60 young (61440K), 3 survivors (3072K)
 Metaspace       used 116898K, capacity 120080K, committed 120892K, reserved 1155072K
  class space    used 14890K, capacity 16088K, committed 16408K, reserved 1048576K
GC Heap History (20 events):
Event: 26.037 GC heap before
{Heap before GC invocations=23 (full 0):
 garbage-first heap   total 227328K, used 145408K [0x0000000080000000, 0x0000000100000000)
  region size 1024K, 54 young (55296K), 11 survivors (11264K)
 Metaspace       used 107932K, capacity 110782K, committed 110908K, reserved 1144832K
  class space    used 14161K, capacity 15318K, committed 15384K, reserved 1048576K
}
Event: 26.061 GC heap after
{Heap after GC invocations=24 (full 0):
 garbage-first heap   total 227328K, used 106809K [0x0000000080000000, 0x0000000100000000)
  region size 1024K, 4 young (4096K), 4 survivors (4096K)
 Metaspace       used 107932K, capacity 110782K, committed 110908K, reserved 1144832K
  class space    used 14161K, capacity 15318K, committed 15384K, reserved 1048576K
}
Event: 27.042 GC heap before
{Heap before GC invocations=25 (full 0):
 garbage-first heap   total 227328K, used 172345K [0x0000000080000000, 0x0000000100000000)
  region size 1024K, 69 young (70656K), 4 survivors (4096K)
 Metaspace       used 110841K, capacity 114051K, committed 114108K, reserved 1148928K
  class space    used 14472K, capacity 15750K, committed 15768K, reserved 1048576K
}
Event: 27.052 GC heap after
{Heap after GC invocations=26 (full 0):
 garbage-first heap   total 227328K, used 109904K [0x0000000080000000, 0x0000000100000000)
  region size 1024K, 7 young (7168K), 7 survivors (7168K)
 Metaspace       used 110841K, capacity 114051K, committed 114108K, reserved 1148928K
  class space    used 14472K, capacity 15750K, committed 15768K, reserved 1048576K
}
Event: 28.018 GC heap before
{Heap before GC invocations=27 (full 0):
 garbage-first heap   total 227328K, used 159056K [0x0000000080000000, 0x0000000100000000)
  region size 1024K, 56 young (57344K), 7 survivors (7168K)
 Metaspace       used 113577K, capacity 116843K, committed 117052K, reserved 1150976K
  class space    used 14840K, capacity 16114K, committed 16152K, reserved 1048576K
}
Event: 28.028 GC heap after
{Heap after GC invocations=28 (full 0):
 garbage-first heap   total 227328K, used 109347K [0x0000000080000000, 0x0000000100000000)
  region size 1024K, 5 young (5120K), 5 survivors (5120K)
 Metaspace       used 113577K, capacity 116843K, committed 117052K, reserved 1150976K
  class space    used 14840K, capacity 16114K, committed 16152K, reserved 1048576K
}
Event: 1096.742 GC heap before
{Heap before GC invocations=29 (full 0):
 garbage-first heap   total 227328K, used 189219K [0x0000000080000000, 0x0000000100000000)
  region size 1024K, 73 young (74752K), 5 survivors (5120K)
 Metaspace       used 115369K, capacity 118836K, committed 119100K, reserved 1153024K
  class space    used 15023K, capacity 16350K, committed 16408K, reserved 1048576K
}
Event: 1096.753 GC heap after
{Heap after GC invocations=30 (full 0):
 garbage-first heap   total 227328K, used 110957K [0x0000000080000000, 0x0000000100000000)
  region size 1024K, 8 young (8192K), 8 survivors (8192K)
 Metaspace       used 115369K, capacity 118836K, committed 119100K, reserved 1153024K
  class space    used 15023K, capacity 16350K, committed 16408K, reserved 1048576K
}
Event: 1099.719 GC heap before
{Heap before GC invocations=30 (full 0):
 garbage-first heap   total 227328K, used 173421K [0x0000000080000000, 0x0000000100000000)
  region size 1024K, 71 young (72704K), 8 survivors (8192K)
 Metaspace       used 116075K, capacity 119555K, committed 119612K, reserved 1153024K
  class space    used 15035K, capacity 16371K, committed 16408K, reserved 1048576K
}
Event: 1099.738 GC heap after
{Heap after GC invocations=31 (full 0):
 garbage-first heap   total 227328K, used 115764K [0x0000000080000000, 0x0000000100000000)
  region size 1024K, 9 young (9216K), 9 survivors (9216K)
 Metaspace       used 116075K, capacity 119555K, committed 119612K, reserved 1153024K
  class space    used 15035K, capacity 16371K, committed 16408K, reserved 1048576K
}
Event: 2585.924 GC heap before
{Heap before GC invocations=32 (full 0):
 garbage-first heap   total 227328K, used 191540K [0x0000000080000000, 0x0000000100000000)
  region size 1024K, 74 young (75776K), 9 survivors (9216K)
 Metaspace       used 116211K, capacity 119580K, committed 119868K, reserved 1153024K
  class space    used 14970K, capacity 16250K, committed 16408K, reserved 1048576K
}
Event: 2585.936 GC heap after
{Heap after GC invocations=33 (full 0):
 garbage-first heap   total 227328K, used 109879K [0x0000000080000000, 0x0000000100000000)
  region size 1024K, 6 young (6144K), 6 survivors (6144K)
 Metaspace       used 116211K, capacity 119580K, committed 119868K, reserved 1153024K
  class space    used 14970K, capacity 16250K, committed 16408K, reserved 1048576K
}
Event: 2588.456 GC heap before
{Heap before GC invocations=33 (full 0):
 garbage-first heap   total 227328K, used 171319K [0x0000000080000000, 0x0000000100000000)
  region size 1024K, 68 young (69632K), 6 survivors (6144K)
 Metaspace       used 116667K, capacity 120029K, committed 120380K, reserved 1153024K
  class space    used 14990K, capacity 16285K, committed 16408K, reserved 1048576K
}
Event: 2588.468 GC heap after
{Heap after GC invocations=34 (full 0):
 garbage-first heap   total 227328K, used 113834K [0x0000000080000000, 0x0000000100000000)
  region size 1024K, 10 young (10240K), 10 survivors (10240K)
 Metaspace       used 116667K, capacity 120029K, committed 120380K, reserved 1153024K
  class space    used 14990K, capacity 16285K, committed 16408K, reserved 1048576K
}
Event: 2983.733 GC heap before
{Heap before GC invocations=35 (full 0):
 garbage-first heap   total 227328K, used 195754K [0x0000000080000000, 0x0000000100000000)
  region size 1024K, 78 young (79872K), 10 survivors (10240K)
 Metaspace       used 116558K, capacity 119736K, committed 120636K, reserved 1153024K
  class space    used 14879K, capacity 16070K, committed 16408K, reserved 1048576K
}
Event: 2983.756 GC heap after
{Heap after GC invocations=36 (full 0):
 garbage-first heap   total 227328K, used 112830K [0x0000000080000000, 0x0000000100000000)
  region size 1024K, 8 young (8192K), 8 survivors (8192K)
 Metaspace       used 116558K, capacity 119736K, committed 120636K, reserved 1153024K
  class space    used 14879K, capacity 16070K, committed 16408K, reserved 1048576K
}
Event: 2983.807 GC heap before
{Heap before GC invocations=36 (full 0):
 garbage-first heap   total 227328K, used 115902K [0x0000000080000000, 0x0000000100000000)
  region size 1024K, 11 young (11264K), 8 survivors (8192K)
 Metaspace       used 116562K, capacity 119736K, committed 120636K, reserved 1153024K
  class space    used 14879K, capacity 16070K, committed 16408K, reserved 1048576K
}
Event: 2983.842 GC heap after
{Heap after GC invocations=37 (full 0):
 garbage-first heap   total 227328K, used 99993K [0x0000000080000000, 0x0000000100000000)
  region size 1024K, 2 young (2048K), 2 survivors (2048K)
 Metaspace       used 116562K, capacity 119736K, committed 120636K, reserved 1153024K
  class space    used 14879K, capacity 16070K, committed 16408K, reserved 1048576K
}
Event: 2985.515 GC heap before
{Heap before GC invocations=37 (full 0):
 garbage-first heap   total 227328K, used 136857K [0x0000000080000000, 0x0000000100000000)
  region size 1024K, 38 young (38912K), 2 survivors (2048K)
 Metaspace       used 116715K, capacity 119937K, committed 120636K, reserved 1153024K
  class space    used 14888K, capacity 16085K, committed 16408K, reserved 1048576K
}
Event: 2985.520 GC heap after
{Heap after GC invocations=38 (full 0):
 garbage-first heap   total 227328K, used 103025K [0x0000000080000000, 0x0000000100000000)
  region size 1024K, 3 young (3072K), 3 survivors (3072K)
 Metaspace       used 116715K, capacity 119937K, committed 120636K, reserved 1153024K
  class space    used 14888K, capacity 16085K, committed 16408K, reserved 1048576K
}

